

*******************************************************************************
Fri Nov  5 18:42:43 2021


FIT:    data read from 'csv/RECAP_eulero.csv' u (log($1)):(log($5))
        format = x:z
        x range restricted to [0.0500000 : 0.0833330]
BREAK: No data to fit

*******************************************************************************
Fri Nov  5 18:42:48 2021


FIT:    data read from 'csv/RECAP_eulero.csv' u (log($1)):(log($5))
        format = x:z
        #datapoints = 5
        residuals are weighted equally (unit weight)

function used for fitting: f(x)
	f(x) = m * x + q
fitted parameters initialized with current variable values

iter      chisq       delta/lim  lambda   m             q            
   0 3.4076712874e+02   0.00e+00  2.08e+00    1.000000e+00   1.000000e+00
   5 3.7120054697e-02  -3.60e-04  2.08e-05    6.489746e+00   2.432799e+01

After 5 iterations the fit converged.
final sum of squares of residuals : 0.0371201
rel. change during last iteration : -3.59949e-09

degrees of freedom    (FIT_NDF)                        : 3
rms of residuals      (FIT_STDFIT) = sqrt(WSSR/ndf)    : 0.111236
variance of residuals (reduced chisquare) = WSSR/ndf   : 0.0123734

Final set of parameters            Asymptotic Standard Error
=======================            ==========================
m               = 6.48975          +/- 0.2755       (4.246%)
q               = 24.328           +/- 0.7612       (3.129%)

correlation matrix of the fit parameters:
                m      q      
m               1.000 
q               0.998  1.000 


*******************************************************************************
Fri Nov  5 18:42:48 2021


FIT:    data read from 'csv/RECAP_eulerocromer.csv' u (log($1)):(log($5))
        format = x:z
        #datapoints = 5
        residuals are weighted equally (unit weight)

function used for fitting: g(x)
	g(x) = k * x + z
fitted parameters initialized with current variable values

iter      chisq       delta/lim  lambda   k             z            
   0 3.0148850731e+01   0.00e+00  2.08e+00    1.000000e+00   1.000000e+00
   5 8.2018494149e-05  -2.22e-03  2.08e-05    8.397440e-01  -1.897136e+00

After 5 iterations the fit converged.
final sum of squares of residuals : 8.20185e-05
rel. change during last iteration : -2.22033e-08

degrees of freedom    (FIT_NDF)                        : 3
rms of residuals      (FIT_STDFIT) = sqrt(WSSR/ndf)    : 0.00522872
variance of residuals (reduced chisquare) = WSSR/ndf   : 2.73395e-05

Final set of parameters            Asymptotic Standard Error
=======================            ==========================
k               = 0.839744         +/- 0.01295      (1.542%)
z               = -1.89714         +/- 0.03578      (1.886%)

correlation matrix of the fit parameters:
                k      z      
k               1.000 
z               0.998  1.000 


*******************************************************************************
Fri Nov  5 18:42:48 2021


FIT:    data read from 'csv/RECAP_leapfrog.csv' u (log($1)):(log($5))
        format = x:z
        #datapoints = 5
        residuals are weighted equally (unit weight)

function used for fitting: h(x)
	h(x) = h * x + c
fitted parameters initialized with current variable values

iter      chisq       delta/lim  lambda   h             c            
   0 1.7965970832e+02   0.00e+00  2.08e+00    1.000000e+00   1.000000e+00
   5 6.9124072687e-06  -2.74e-02  2.08e-05    1.955199e+00  -2.358809e+00

After 5 iterations the fit converged.
final sum of squares of residuals : 6.91241e-06
rel. change during last iteration : -2.73991e-07

degrees of freedom    (FIT_NDF)                        : 3
rms of residuals      (FIT_STDFIT) = sqrt(WSSR/ndf)    : 0.00151794
variance of residuals (reduced chisquare) = WSSR/ndf   : 2.30414e-06

Final set of parameters            Asymptotic Standard Error
=======================            ==========================
h               = 1.9552           +/- 0.00376      (0.1923%)
c               = -2.35881         +/- 0.01039      (0.4404%)

correlation matrix of the fit parameters:
                h      c      
h               1.000 
c               0.998  1.000 


*******************************************************************************
Fri Nov  5 18:42:48 2021


FIT:    data read from 'csv/RECAP_VerletVelocity.csv' u (log($1)):(log($5))
        format = x:z
        #datapoints = 5
        residuals are weighted equally (unit weight)

function used for fitting: z(x)
	z(x) = t * x + b
fitted parameters initialized with current variable values

iter      chisq       delta/lim  lambda   t             b            
   0 1.7965970832e+02   0.00e+00  2.08e+00    1.000000e+00   1.000000e+00
   5 6.9124072687e-06  -2.74e-02  2.08e-05    1.955199e+00  -2.358809e+00

After 5 iterations the fit converged.
final sum of squares of residuals : 6.91241e-06
rel. change during last iteration : -2.73991e-07

degrees of freedom    (FIT_NDF)                        : 3
rms of residuals      (FIT_STDFIT) = sqrt(WSSR/ndf)    : 0.00151794
variance of residuals (reduced chisquare) = WSSR/ndf   : 2.30414e-06

Final set of parameters            Asymptotic Standard Error
=======================            ==========================
t               = 1.9552           +/- 0.00376      (0.1923%)
b               = -2.35881         +/- 0.01039      (0.4404%)

correlation matrix of the fit parameters:
                t      b      
t               1.000 
b               0.998  1.000 
