

*******************************************************************************
Thu Nov 11 22:31:00 2021


FIT:    data read from 'error_dt2.out' i 0 u (2*log($1)):(log($2))
        format = x:z
        x range restricted to [-0.00178292 : 0.0119671]
BREAK: No data to fit

*******************************************************************************
Thu Nov 11 22:31:20 2021


FIT:    data read from 'error_dt2.out' u (2*log($1)):(log($2))
        format = x:z
        x range restricted to [-0.00178292 : 0.0119671]
BREAK: No data to fit

*******************************************************************************
Thu Nov 11 22:31:33 2021


FIT:    data read from 'error_dt2.out' u (log($1)):(log($2))
        format = x:z
        x range restricted to [-0.00178292 : 0.0119671]
BREAK: No data to fit

*******************************************************************************
Thu Nov 11 22:31:38 2021


FIT:    data read from 'error_dt2.out' u (log($1)):(log($2))
        format = x:z
BREAK: No data to fit

*******************************************************************************
Thu Nov 11 22:36:10 2021


FIT:    data read from 'error_dt2.out' u ($1)**2:($2)
        format = x:z
        #datapoints = 7
        residuals are weighted equally (unit weight)

function used for fitting: f(x)
	f(x) = m * x + q
fitted parameters initialized with current variable values

iter      chisq       delta/lim  lambda   m             q            
   0 1.8493968080e+01   0.00e+00  7.07e-01    1.000000e+00   1.000000e+00
   6 4.2443777345e-07  -1.88e-05  7.07e-07   -6.447859e+00  -6.117840e-01

After 6 iterations the fit converged.
final sum of squares of residuals : 4.24438e-07
rel. change during last iteration : -1.88089e-10

degrees of freedom    (FIT_NDF)                        : 5
rms of residuals      (FIT_STDFIT) = sqrt(WSSR/ndf)    : 0.000291355
variance of residuals (reduced chisquare) = WSSR/ndf   : 8.48876e-08

Final set of parameters            Asymptotic Standard Error
=======================            ==========================
m               = -6.44786         +/- 0.03189      (0.4945%)
q               = -0.611784        +/- 0.0001242    (0.02031%)

correlation matrix of the fit parameters:
                m      q      
m               1.000 
q              -0.463  1.000 


*******************************************************************************
Thu Nov 11 22:36:30 2021


FIT:    data read from 'error_dt2.out' u ($1)**2:($2)
        format = x:z
        #datapoints = 7
        residuals are weighted equally (unit weight)

function used for fitting: f(x)
	f(x) = m * x + q
fitted parameters initialized with current variable values

iter      chisq       delta/lim  lambda   m             q            
   0 4.2443777345e-07   0.00e+00  4.33e-01   -6.447859e+00  -6.117840e-01
   1 4.2443777345e-07   0.00e+00  4.33e-01   -6.447859e+00  -6.117840e-01

After 1 iterations the fit converged.
final sum of squares of residuals : 4.24438e-07
rel. change during last iteration : 0

degrees of freedom    (FIT_NDF)                        : 5
rms of residuals      (FIT_STDFIT) = sqrt(WSSR/ndf)    : 0.000291355
variance of residuals (reduced chisquare) = WSSR/ndf   : 8.48876e-08

Final set of parameters            Asymptotic Standard Error
=======================            ==========================
m               = -6.44786         +/- 0.03189      (0.4945%)
q               = -0.611784        +/- 0.0001242    (0.02031%)

correlation matrix of the fit parameters:
                m      q      
m               1.000 
q              -0.463  1.000 


*******************************************************************************
Fri Nov 12 10:53:23 2021


FIT:    data read from 'error_dt2.out' u ($1)**2:($2)
        format = x:z
        #datapoints = 7
        residuals are weighted equally (unit weight)

function used for fitting: f(x)
	f(x) = m * x + q
fitted parameters initialized with current variable values

iter      chisq       delta/lim  lambda   m             q            
   0 1.8493968080e+01   0.00e+00  7.07e-01    1.000000e+00   1.000000e+00
   6 4.2443777345e-07  -1.88e-05  7.07e-07   -6.447859e+00  -6.117840e-01

After 6 iterations the fit converged.
final sum of squares of residuals : 4.24438e-07
rel. change during last iteration : -1.88089e-10

degrees of freedom    (FIT_NDF)                        : 5
rms of residuals      (FIT_STDFIT) = sqrt(WSSR/ndf)    : 0.000291355
variance of residuals (reduced chisquare) = WSSR/ndf   : 8.48876e-08

Final set of parameters            Asymptotic Standard Error
=======================            ==========================
m               = -6.44786         +/- 0.03189      (0.4945%)
q               = -0.611784        +/- 0.0001242    (0.02031%)

correlation matrix of the fit parameters:
                m      q      
m               1.000 
q              -0.463  1.000 


*******************************************************************************
Fri Nov 12 10:53:45 2021


FIT:    data read from 'error_dt2.out' u ($1)**2:($2)
        format = x:z
        #datapoints = 7
        residuals are weighted equally (unit weight)

function used for fitting: f(x)
	f(x) = m * x + q
fitted parameters initialized with current variable values

iter      chisq       delta/lim  lambda   m             q            
   0 4.2443777345e-07   0.00e+00  4.33e-01   -6.447859e+00  -6.117840e-01
   1 4.2443777345e-07   0.00e+00  4.33e-01   -6.447859e+00  -6.117840e-01

After 1 iterations the fit converged.
final sum of squares of residuals : 4.24438e-07
rel. change during last iteration : 0

degrees of freedom    (FIT_NDF)                        : 5
rms of residuals      (FIT_STDFIT) = sqrt(WSSR/ndf)    : 0.000291355
variance of residuals (reduced chisquare) = WSSR/ndf   : 8.48876e-08

Final set of parameters            Asymptotic Standard Error
=======================            ==========================
m               = -6.44786         +/- 0.03189      (0.4945%)
q               = -0.611784        +/- 0.0001242    (0.02031%)

correlation matrix of the fit parameters:
                m      q      
m               1.000 
q              -0.463  1.000 


*******************************************************************************
Fri Nov 12 10:54:00 2021


FIT:    data read from 'error_dt2.out' u ($1)**2:($2)
        format = x:z
        #datapoints = 7
        residuals are weighted equally (unit weight)

function used for fitting: f(x)
	f(x) = m * x + q
fitted parameters initialized with current variable values

iter      chisq       delta/lim  lambda   m             q            
   0 4.2443777345e-07   0.00e+00  4.33e-01   -6.447859e+00  -6.117840e-01
   1 4.2443777345e-07   0.00e+00  4.33e-01   -6.447859e+00  -6.117840e-01

After 1 iterations the fit converged.
final sum of squares of residuals : 4.24438e-07
rel. change during last iteration : 0

degrees of freedom    (FIT_NDF)                        : 5
rms of residuals      (FIT_STDFIT) = sqrt(WSSR/ndf)    : 0.000291355
variance of residuals (reduced chisquare) = WSSR/ndf   : 8.48876e-08

Final set of parameters            Asymptotic Standard Error
=======================            ==========================
m               = -6.44786         +/- 0.03189      (0.4945%)
q               = -0.611784        +/- 0.0001242    (0.02031%)

correlation matrix of the fit parameters:
                m      q      
m               1.000 
q              -0.463  1.000 


*******************************************************************************
Fri Nov 12 10:54:16 2021


FIT:    data read from 'error_dt2.out' u ($1)**2:($2)
        format = x:z
        #datapoints = 7
        residuals are weighted equally (unit weight)

function used for fitting: f(x)
	f(x) = m * x + q
fitted parameters initialized with current variable values

iter      chisq       delta/lim  lambda   m             q            
   0 4.2443777345e-07   0.00e+00  4.33e-01   -6.447859e+00  -6.117840e-01
   1 4.2443777345e-07   0.00e+00  4.33e-01   -6.447859e+00  -6.117840e-01

After 1 iterations the fit converged.
final sum of squares of residuals : 4.24438e-07
rel. change during last iteration : 0

degrees of freedom    (FIT_NDF)                        : 5
rms of residuals      (FIT_STDFIT) = sqrt(WSSR/ndf)    : 0.000291355
variance of residuals (reduced chisquare) = WSSR/ndf   : 8.48876e-08

Final set of parameters            Asymptotic Standard Error
=======================            ==========================
m               = -6.44786         +/- 0.03189      (0.4945%)
q               = -0.611784        +/- 0.0001242    (0.02031%)

correlation matrix of the fit parameters:
                m      q      
m               1.000 
q              -0.463  1.000 


*******************************************************************************
Fri Nov 12 10:54:32 2021


FIT:    data read from 'error_dt2.out' u ($1)**2:($2)
        format = x:z
        #datapoints = 7
        residuals are weighted equally (unit weight)

function used for fitting: f(x)
	f(x) = m * x + q
fitted parameters initialized with current variable values

iter      chisq       delta/lim  lambda   m             q            
   0 4.2443777345e-07   0.00e+00  4.33e-01   -6.447859e+00  -6.117840e-01
   1 4.2443777345e-07   0.00e+00  4.33e-01   -6.447859e+00  -6.117840e-01

After 1 iterations the fit converged.
final sum of squares of residuals : 4.24438e-07
rel. change during last iteration : 0

degrees of freedom    (FIT_NDF)                        : 5
rms of residuals      (FIT_STDFIT) = sqrt(WSSR/ndf)    : 0.000291355
variance of residuals (reduced chisquare) = WSSR/ndf   : 8.48876e-08

Final set of parameters            Asymptotic Standard Error
=======================            ==========================
m               = -6.44786         +/- 0.03189      (0.4945%)
q               = -0.611784        +/- 0.0001242    (0.02031%)

correlation matrix of the fit parameters:
                m      q      
m               1.000 
q              -0.463  1.000 


*******************************************************************************
Fri Nov 12 10:54:53 2021


FIT:    data read from 'error_dt2.out' u ($1)**2:($2)
        format = x:z
        #datapoints = 7
        residuals are weighted equally (unit weight)

function used for fitting: f(x)
	f(x) = m * x + q
fitted parameters initialized with current variable values

iter      chisq       delta/lim  lambda   m             q            
   0 4.2443777345e-07   0.00e+00  4.33e-01   -6.447859e+00  -6.117840e-01
   1 4.2443777345e-07   0.00e+00  4.33e-01   -6.447859e+00  -6.117840e-01

After 1 iterations the fit converged.
final sum of squares of residuals : 4.24438e-07
rel. change during last iteration : 0

degrees of freedom    (FIT_NDF)                        : 5
rms of residuals      (FIT_STDFIT) = sqrt(WSSR/ndf)    : 0.000291355
variance of residuals (reduced chisquare) = WSSR/ndf   : 8.48876e-08

Final set of parameters            Asymptotic Standard Error
=======================            ==========================
m               = -6.44786         +/- 0.03189      (0.4945%)
q               = -0.611784        +/- 0.0001242    (0.02031%)

correlation matrix of the fit parameters:
                m      q      
m               1.000 
q              -0.463  1.000 
